<?xml version="1.0" encoding="UTF-8"?>
<testng-results ignored="0" total="1" passed="1" failed="0" skipped="0">
  <reporter-output>
  </reporter-output>
  <suite started-at="2022-08-10T19:53:39 IST" name="Default suite" finished-at="2022-08-10T19:53:39 IST" duration-ms="79">
    <groups>
    </groups>
    <test started-at="2022-08-10T19:53:39 IST" name="Default test" finished-at="2022-08-10T19:53:39 IST" duration-ms="79">
      <class name="test1.Class1">
        <test-method signature="t1()[pri:0, instance:test1.Class1@14555e0a]" started-at="2022-08-10T19:53:39 IST" name="t1" finished-at="2022-08-10T19:53:39 IST" duration-ms="9" status="PASS">
          <reporter-output>
          </reporter-output>
        </test-method> <!-- t1 -->
      </class> <!-- test1.Class1 -->
    </test> <!-- Default test -->
  </suite> <!-- Default suite -->
</testng-results>
